{"name": "После оформления заказа его номер появляется в разделе В работе", "status": "broken", "statusDetails": {"message": "selenium.common.exceptions.TimeoutException: Message: \nStacktrace:\n\tGetHandleVerifier [0x00007FF673C7B125+29573]\n\t(No symbol) [0x00007FF673BEFF50]\n\t(No symbol) [0x00007FF673AAB6EA]\n\t(No symbol) [0x00007FF673AFF815]\n\t(No symbol) [0x00007FF673AFFA6C]\n\t(No symbol) [0x00007FF673B4B917]\n\t(No symbol) [0x00007FF673B2733F]\n\t(No symbol) [0x00007FF673B486BC]\n\t(No symbol) [0x00007FF673B270A3]\n\t(No symbol) [0x00007FF673AF12DF]\n\t(No symbol) [0x00007FF673AF2441]\n\tGetHandleVerifier [0x00007FF673FAC76D+3377613]\n\tGetHandleVerifier [0x00007FF673FF7B67+3685831]\n\tGetHandleVerifier [0x00007FF673FECF8B+3641835]\n\tGetHandleVerifier [0x00007FF673D3B2A6+816390]\n\t(No symbol) [0x00007FF673BFB25F]\n\t(No symbol) [0x00007FF673BF7084]\n\t(No symbol) [0x00007FF673BF7220]\n\t(No symbol) [0x00007FF673BE607F]\n\tBaseThreadInitThunk [0x00007FFB71E67374+20]\n\tRtlUserThreadStart [0x00007FFB7249CC91+33]", "trace": "self = <test_order_page.TestOrderPage object at 0x00000148D0F28260>\ndriver = <selenium.webdriver.chrome.webdriver.WebDriver (session=\"fafd05576b3bc804e142ea5bf3647a80\")>\ncreate_and_delete_user = {'email': 'jeffreykim@example.net', 'name': 'Austin Wyatt', 'password': '7PNELdOu%k'}\nlogin = <selenium.webdriver.chrome.webdriver.WebDriver (session=\"fafd05576b3bc804e142ea5bf3647a80\")>\n\n    @allure.title('После оформления заказа его номер появляется в разделе В работе')\n    def test_user_order_in_work(self, driver, create_and_delete_user, login):\n        order_page = OrderPage(login)\n>       order_page.create_order()\n\ntests\\test_order_page.py:43: \n_ _ _ _ _ _ _ _ _ _ _ _ _ _ _ _ _ _ _ _ _ _ _ _ _ _ _ _ _ _ _ _ _ _ _ _ _ _ _ _ _ _ _ _ _ _ _ _ _ _ _ _ _ _ _ _ _ _ _ _ _ _ _ _ _ _ _ _ _ _ _ _ _ _ _ _ _ _ _ _ _ \npages\\order_page.py:40: in create_order\n    element = self.wait_and_find_element(MainPageLocators.BUN_INGREDIENT)\npages\\base_page.py:17: in wait_and_find_element\n    WebDriverWait(self.driver, self.timer).until(EC.visibility_of_element_located(locator))\n_ _ _ _ _ _ _ _ _ _ _ _ _ _ _ _ _ _ _ _ _ _ _ _ _ _ _ _ _ _ _ _ _ _ _ _ _ _ _ _ _ _ _ _ _ _ _ _ _ _ _ _ _ _ _ _ _ _ _ _ _ _ _ _ _ _ _ _ _ _ _ _ _ _ _ _ _ _ _ _ _ \n\nself = <selenium.webdriver.support.wait.WebDriverWait (session=\"fafd05576b3bc804e142ea5bf3647a80\")>\nmethod = <function visibility_of_element_located.<locals>._predicate at 0x00000148D103B380>, message = ''\n\n    def until(self, method: Callable[[D], Union[Literal[False], T]], message: str = \"\") -> T:\n        \"\"\"Calls the method provided with the driver as an argument until the \\\n        return value does not evaluate to ``False``.\n    \n        :param method: callable(WebDriver)\n        :param message: optional message for :exc:`TimeoutException`\n        :returns: the result of the last call to `method`\n        :raises: :exc:`selenium.common.exceptions.TimeoutException` if timeout occurs\n        \"\"\"\n        screen = None\n        stacktrace = None\n    \n        end_time = time.monotonic() + self._timeout\n        while True:\n            try:\n                value = method(self._driver)\n                if value:\n                    return value\n            except self._ignored_exceptions as exc:\n                screen = getattr(exc, \"screen\", None)\n                stacktrace = getattr(exc, \"stacktrace\", None)\n            time.sleep(self._poll)\n            if time.monotonic() > end_time:\n                break\n>       raise TimeoutException(message, screen, stacktrace)\nE       selenium.common.exceptions.TimeoutException: Message: \nE       Stacktrace:\nE       \tGetHandleVerifier [0x00007FF673C7B125+29573]\nE       \t(No symbol) [0x00007FF673BEFF50]\nE       \t(No symbol) [0x00007FF673AAB6EA]\nE       \t(No symbol) [0x00007FF673AFF815]\nE       \t(No symbol) [0x00007FF673AFFA6C]\nE       \t(No symbol) [0x00007FF673B4B917]\nE       \t(No symbol) [0x00007FF673B2733F]\nE       \t(No symbol) [0x00007FF673B486BC]\nE       \t(No symbol) [0x00007FF673B270A3]\nE       \t(No symbol) [0x00007FF673AF12DF]\nE       \t(No symbol) [0x00007FF673AF2441]\nE       \tGetHandleVerifier [0x00007FF673FAC76D+3377613]\nE       \tGetHandleVerifier [0x00007FF673FF7B67+3685831]\nE       \tGetHandleVerifier [0x00007FF673FECF8B+3641835]\nE       \tGetHandleVerifier [0x00007FF673D3B2A6+816390]\nE       \t(No symbol) [0x00007FF673BFB25F]\nE       \t(No symbol) [0x00007FF673BF7084]\nE       \t(No symbol) [0x00007FF673BF7220]\nE       \t(No symbol) [0x00007FF673BE607F]\nE       \tBaseThreadInitThunk [0x00007FFB71E67374+20]\nE       \tRtlUserThreadStart [0x00007FFB7249CC91+33]\n\nvenv\\Lib\\site-packages\\selenium\\webdriver\\support\\wait.py:105: TimeoutException"}, "steps": [{"name": "Создать заказ", "status": "broken", "statusDetails": {"message": "selenium.common.exceptions.TimeoutException: Message: \nStacktrace:\n\tGetHandleVerifier [0x00007FF673C7B125+29573]\n\t(No symbol) [0x00007FF673BEFF50]\n\t(No symbol) [0x00007FF673AAB6EA]\n\t(No symbol) [0x00007FF673AFF815]\n\t(No symbol) [0x00007FF673AFFA6C]\n\t(No symbol) [0x00007FF673B4B917]\n\t(No symbol) [0x00007FF673B2733F]\n\t(No symbol) [0x00007FF673B486BC]\n\t(No symbol) [0x00007FF673B270A3]\n\t(No symbol) [0x00007FF673AF12DF]\n\t(No symbol) [0x00007FF673AF2441]\n\tGetHandleVerifier [0x00007FF673FAC76D+3377613]\n\tGetHandleVerifier [0x00007FF673FF7B67+3685831]\n\tGetHandleVerifier [0x00007FF673FECF8B+3641835]\n\tGetHandleVerifier [0x00007FF673D3B2A6+816390]\n\t(No symbol) [0x00007FF673BFB25F]\n\t(No symbol) [0x00007FF673BF7084]\n\t(No symbol) [0x00007FF673BF7220]\n\t(No symbol) [0x00007FF673BE607F]\n\tBaseThreadInitThunk [0x00007FFB71E67374+20]\n\tRtlUserThreadStart [0x00007FFB7249CC91+33]\n\n", "trace": "  File \"C:\\Users\\vsavc\\PycharmProjects\\Diplom\\Diplom_3\\venv\\Lib\\site-packages\\allure_commons\\_allure.py\", line 192, in impl\n    return func(*a, **kw)\n           ^^^^^^^^^^^^^^\n  File \"C:\\Users\\vsavc\\PycharmProjects\\Diplom\\Diplom_3\\pages\\order_page.py\", line 40, in create_order\n    element = self.wait_and_find_element(MainPageLocators.BUN_INGREDIENT)\n              ^^^^^^^^^^^^^^^^^^^^^^^^^^^^^^^^^^^^^^^^^^^^^^^^^^^^^^^^^^^\n  File \"C:\\Users\\vsavc\\PycharmProjects\\Diplom\\Diplom_3\\venv\\Lib\\site-packages\\allure_commons\\_allure.py\", line 192, in impl\n    return func(*a, **kw)\n           ^^^^^^^^^^^^^^\n  File \"C:\\Users\\vsavc\\PycharmProjects\\Diplom\\Diplom_3\\pages\\base_page.py\", line 17, in wait_and_find_element\n    WebDriverWait(self.driver, self.timer).until(EC.visibility_of_element_located(locator))\n  File \"C:\\Users\\vsavc\\PycharmProjects\\Diplom\\Diplom_3\\venv\\Lib\\site-packages\\selenium\\webdriver\\support\\wait.py\", line 105, in until\n    raise TimeoutException(message, screen, stacktrace)\n"}, "steps": [{"name": "Ожидание загрузки и поиск элемента на странице", "status": "broken", "statusDetails": {"message": "selenium.common.exceptions.TimeoutException: Message: \nStacktrace:\n\tGetHandleVerifier [0x00007FF673C7B125+29573]\n\t(No symbol) [0x00007FF673BEFF50]\n\t(No symbol) [0x00007FF673AAB6EA]\n\t(No symbol) [0x00007FF673AFF815]\n\t(No symbol) [0x00007FF673AFFA6C]\n\t(No symbol) [0x00007FF673B4B917]\n\t(No symbol) [0x00007FF673B2733F]\n\t(No symbol) [0x00007FF673B486BC]\n\t(No symbol) [0x00007FF673B270A3]\n\t(No symbol) [0x00007FF673AF12DF]\n\t(No symbol) [0x00007FF673AF2441]\n\tGetHandleVerifier [0x00007FF673FAC76D+3377613]\n\tGetHandleVerifier [0x00007FF673FF7B67+3685831]\n\tGetHandleVerifier [0x00007FF673FECF8B+3641835]\n\tGetHandleVerifier [0x00007FF673D3B2A6+816390]\n\t(No symbol) [0x00007FF673BFB25F]\n\t(No symbol) [0x00007FF673BF7084]\n\t(No symbol) [0x00007FF673BF7220]\n\t(No symbol) [0x00007FF673BE607F]\n\tBaseThreadInitThunk [0x00007FFB71E67374+20]\n\tRtlUserThreadStart [0x00007FFB7249CC91+33]\n\n", "trace": "  File \"C:\\Users\\vsavc\\PycharmProjects\\Diplom\\Diplom_3\\venv\\Lib\\site-packages\\allure_commons\\_allure.py\", line 192, in impl\n    return func(*a, **kw)\n           ^^^^^^^^^^^^^^\n  File \"C:\\Users\\vsavc\\PycharmProjects\\Diplom\\Diplom_3\\pages\\base_page.py\", line 17, in wait_and_find_element\n    WebDriverWait(self.driver, self.timer).until(EC.visibility_of_element_located(locator))\n  File \"C:\\Users\\vsavc\\PycharmProjects\\Diplom\\Diplom_3\\venv\\Lib\\site-packages\\selenium\\webdriver\\support\\wait.py\", line 105, in until\n    raise TimeoutException(message, screen, stacktrace)\n"}, "parameters": [{"name": "locator", "value": "('xpath', \".//p[text()='Флюоресцентная булка R2-D3']\")"}], "start": 1727702289110, "stop": 1727702299133}], "start": 1727702289110, "stop": 1727702299139}], "start": 1727702289110, "stop": 1727702299141, "uuid": "1eaf46fe-4081-49f9-82e0-74df55398fdd", "historyId": "c29f20f28ad02dd4fb5ca0fa474e8158", "testCaseId": "c29f20f28ad02dd4fb5ca0fa474e8158", "fullName": "tests.test_order_page.TestOrderPage#test_user_order_in_work", "labels": [{"name": "parentSuite", "value": "tests"}, {"name": "suite", "value": "test_order_page"}, {"name": "subSuite", "value": "TestOrderPage"}, {"name": "host", "value": "victoria-pc"}, {"name": "thread", "value": "16780-MainThread"}, {"name": "framework", "value": "pytest"}, {"name": "language", "value": "cpython3"}, {"name": "package", "value": "tests.test_order_page"}]}