{"name": "При создании нового заказа счётчик Выполнено за всё время/за сегодня увеличивается", "status": "broken", "statusDetails": {"message": "selenium.common.exceptions.TimeoutException: Message: \nStacktrace:\n\tGetHandleVerifier [0x00007FF73A92B125+29573]\n\t(No symbol) [0x00007FF73A89FF50]\n\t(No symbol) [0x00007FF73A75B6EA]\n\t(No symbol) [0x00007FF73A7AF815]\n\t(No symbol) [0x00007FF73A7AFA6C]\n\t(No symbol) [0x00007FF73A7FB917]\n\t(No symbol) [0x00007FF73A7D733F]\n\t(No symbol) [0x00007FF73A7F86BC]\n\t(No symbol) [0x00007FF73A7D70A3]\n\t(No symbol) [0x00007FF73A7A12DF]\n\t(No symbol) [0x00007FF73A7A2441]\n\tGetHandleVerifier [0x00007FF73AC5C76D+3377613]\n\tGetHandleVerifier [0x00007FF73ACA7B67+3685831]\n\tGetHandleVerifier [0x00007FF73AC9CF8B+3641835]\n\tGetHandleVerifier [0x00007FF73A9EB2A6+816390]\n\t(No symbol) [0x00007FF73A8AB25F]\n\t(No symbol) [0x00007FF73A8A7084]\n\t(No symbol) [0x00007FF73A8A7220]\n\t(No symbol) [0x00007FF73A89607F]\n\tBaseThreadInitThunk [0x00007FFB71E67374+20]\n\tRtlUserThreadStart [0x00007FFB7249CC91+33]", "trace": "self = <test_order_page.TestOrderPage object at 0x00000201E06A6810>\ndriver = <selenium.webdriver.chrome.webdriver.WebDriver (session=\"fa2aa56b703113ac87d6f072d17eb09f\")>\ncreate_and_delete_user = {'email': 'matthew49@example.net', 'name': 'Jennifer Robinson', 'password': '#4^9jCeH$*'}\nlogin = <selenium.webdriver.chrome.webdriver.WebDriver (session=\"fa2aa56b703113ac87d6f072d17eb09f\")>\ncounter = ('xpath', \".//p[text()='Выполнено за сегодня:']/following-sibling::p\")\n\n    @pytest.mark.parametrize('counter', [OrderPageLocators.COUNTER_TOTAL, OrderPageLocators.COUNTER_DAILY])\n    @allure.title('При создании нового заказа счётчик Выполнено за всё время/за сегодня увеличивается')\n    def test_counter_increase(self, driver, create_and_delete_user, login, counter):\n        order_page = OrderPage(login)\n        counter_before = int(order_page.get_counter_orders(counter))\n        order_page.wait_and_click_element(OrderPageLocators.CONSTRUCTOR_BUTTON)\n        order_page.wait_change_url(Urls.BASE_URL)\n>       order_page.create_order()\n\ntests\\test_order_page.py:35: \n_ _ _ _ _ _ _ _ _ _ _ _ _ _ _ _ _ _ _ _ _ _ _ _ _ _ _ _ _ _ _ _ _ _ _ _ _ _ _ _ _ _ _ _ _ _ _ _ _ _ _ _ _ _ _ _ _ _ _ _ _ _ _ _ _ _ _ _ _ _ _ _ _ _ _ _ _ _ _ _ _ \npages\\order_page.py:43: in create_order\n    self.wait_and_click_element(MainPageLocators.ORDER_BUTTON)\npages\\base_page.py:22: in wait_and_click_element\n    WebDriverWait(self.driver, self.timer).until(EC.element_to_be_clickable(locator))\n_ _ _ _ _ _ _ _ _ _ _ _ _ _ _ _ _ _ _ _ _ _ _ _ _ _ _ _ _ _ _ _ _ _ _ _ _ _ _ _ _ _ _ _ _ _ _ _ _ _ _ _ _ _ _ _ _ _ _ _ _ _ _ _ _ _ _ _ _ _ _ _ _ _ _ _ _ _ _ _ _ \n\nself = <selenium.webdriver.support.wait.WebDriverWait (session=\"fa2aa56b703113ac87d6f072d17eb09f\")>\nmethod = <function element_to_be_clickable.<locals>._predicate at 0x00000201E080FE20>, message = ''\n\n    def until(self, method: Callable[[D], Union[Literal[False], T]], message: str = \"\") -> T:\n        \"\"\"Calls the method provided with the driver as an argument until the \\\n        return value does not evaluate to ``False``.\n    \n        :param method: callable(WebDriver)\n        :param message: optional message for :exc:`TimeoutException`\n        :returns: the result of the last call to `method`\n        :raises: :exc:`selenium.common.exceptions.TimeoutException` if timeout occurs\n        \"\"\"\n        screen = None\n        stacktrace = None\n    \n        end_time = time.monotonic() + self._timeout\n        while True:\n            try:\n                value = method(self._driver)\n                if value:\n                    return value\n            except self._ignored_exceptions as exc:\n                screen = getattr(exc, \"screen\", None)\n                stacktrace = getattr(exc, \"stacktrace\", None)\n            time.sleep(self._poll)\n            if time.monotonic() > end_time:\n                break\n>       raise TimeoutException(message, screen, stacktrace)\nE       selenium.common.exceptions.TimeoutException: Message: \nE       Stacktrace:\nE       \tGetHandleVerifier [0x00007FF73A92B125+29573]\nE       \t(No symbol) [0x00007FF73A89FF50]\nE       \t(No symbol) [0x00007FF73A75B6EA]\nE       \t(No symbol) [0x00007FF73A7AF815]\nE       \t(No symbol) [0x00007FF73A7AFA6C]\nE       \t(No symbol) [0x00007FF73A7FB917]\nE       \t(No symbol) [0x00007FF73A7D733F]\nE       \t(No symbol) [0x00007FF73A7F86BC]\nE       \t(No symbol) [0x00007FF73A7D70A3]\nE       \t(No symbol) [0x00007FF73A7A12DF]\nE       \t(No symbol) [0x00007FF73A7A2441]\nE       \tGetHandleVerifier [0x00007FF73AC5C76D+3377613]\nE       \tGetHandleVerifier [0x00007FF73ACA7B67+3685831]\nE       \tGetHandleVerifier [0x00007FF73AC9CF8B+3641835]\nE       \tGetHandleVerifier [0x00007FF73A9EB2A6+816390]\nE       \t(No symbol) [0x00007FF73A8AB25F]\nE       \t(No symbol) [0x00007FF73A8A7084]\nE       \t(No symbol) [0x00007FF73A8A7220]\nE       \t(No symbol) [0x00007FF73A89607F]\nE       \tBaseThreadInitThunk [0x00007FFB71E67374+20]\nE       \tRtlUserThreadStart [0x00007FFB7249CC91+33]\n\nvenv\\Lib\\site-packages\\selenium\\webdriver\\support\\wait.py:105: TimeoutException"}, "steps": [{"name": "Получить счётчик заказов", "status": "passed", "steps": [{"name": "Переход на вкладку \"Лента заказов\"", "status": "passed", "steps": [{"name": "Ожидание загрузки и поиск элемента на странице", "status": "passed", "parameters": [{"name": "locator", "value": "('xpath', \".//p[contains(text(), 'Лента Заказов')]\")"}], "start": 1727703123556, "stop": 1727703123637}, {"name": "Ожидание загрузки и клик по элементу", "status": "passed", "parameters": [{"name": "locator", "value": "('xpath', \".//p[contains(text(), 'Лента Заказов')]\")"}], "start": 1727703123654, "stop": 1727703124368}], "start": 1727703123555, "stop": 1727703124368}, {"name": "Получить текст элемента", "status": "passed", "steps": [{"name": "Ожидание загрузки и поиск элемента на странице", "status": "passed", "parameters": [{"name": "locator", "value": "('xpath', \".//p[text()='Выполнено за сегодня:']/following-sibling::p\")"}], "start": 1727703125472, "stop": 1727703125511}], "parameters": [{"name": "locator", "value": "('xpath', \".//p[text()='Выполнено за сегодня:']/following-sibling::p\")"}], "start": 1727703125472, "stop": 1727703125533}], "parameters": [{"name": "locator", "value": "('xpath', \".//p[text()='Выполнено за сегодня:']/following-sibling::p\")"}], "start": 1727703123555, "stop": 1727703125533}, {"name": "Ожидание загрузки и клик по элементу", "status": "passed", "parameters": [{"name": "locator", "value": "('xpath', \".//p[text() = 'Конструктор']\")"}], "start": 1727703125533, "stop": 1727703125736}, {"name": "Ожидание смены адреса", "status": "passed", "parameters": [{"name": "url", "value": "'https://stellarburgers.nomoreparties.site/'"}], "start": 1727703125737, "stop": 1727703125765}, {"name": "Создать заказ", "status": "broken", "statusDetails": {"message": "selenium.common.exceptions.TimeoutException: Message: \nStacktrace:\n\tGetHandleVerifier [0x00007FF73A92B125+29573]\n\t(No symbol) [0x00007FF73A89FF50]\n\t(No symbol) [0x00007FF73A75B6EA]\n\t(No symbol) [0x00007FF73A7AF815]\n\t(No symbol) [0x00007FF73A7AFA6C]\n\t(No symbol) [0x00007FF73A7FB917]\n\t(No symbol) [0x00007FF73A7D733F]\n\t(No symbol) [0x00007FF73A7F86BC]\n\t(No symbol) [0x00007FF73A7D70A3]\n\t(No symbol) [0x00007FF73A7A12DF]\n\t(No symbol) [0x00007FF73A7A2441]\n\tGetHandleVerifier [0x00007FF73AC5C76D+3377613]\n\tGetHandleVerifier [0x00007FF73ACA7B67+3685831]\n\tGetHandleVerifier [0x00007FF73AC9CF8B+3641835]\n\tGetHandleVerifier [0x00007FF73A9EB2A6+816390]\n\t(No symbol) [0x00007FF73A8AB25F]\n\t(No symbol) [0x00007FF73A8A7084]\n\t(No symbol) [0x00007FF73A8A7220]\n\t(No symbol) [0x00007FF73A89607F]\n\tBaseThreadInitThunk [0x00007FFB71E67374+20]\n\tRtlUserThreadStart [0x00007FFB7249CC91+33]\n\n", "trace": "  File \"C:\\Users\\vsavc\\PycharmProjects\\Diplom\\Diplom_3\\venv\\Lib\\site-packages\\allure_commons\\_allure.py\", line 192, in impl\n    return func(*a, **kw)\n           ^^^^^^^^^^^^^^\n  File \"C:\\Users\\vsavc\\PycharmProjects\\Diplom\\Diplom_3\\pages\\order_page.py\", line 43, in create_order\n    self.wait_and_click_element(MainPageLocators.ORDER_BUTTON)\n  File \"C:\\Users\\vsavc\\PycharmProjects\\Diplom\\Diplom_3\\venv\\Lib\\site-packages\\allure_commons\\_allure.py\", line 192, in impl\n    return func(*a, **kw)\n           ^^^^^^^^^^^^^^\n  File \"C:\\Users\\vsavc\\PycharmProjects\\Diplom\\Diplom_3\\pages\\base_page.py\", line 22, in wait_and_click_element\n    WebDriverWait(self.driver, self.timer).until(EC.element_to_be_clickable(locator))\n  File \"C:\\Users\\vsavc\\PycharmProjects\\Diplom\\Diplom_3\\venv\\Lib\\site-packages\\selenium\\webdriver\\support\\wait.py\", line 105, in until\n    raise TimeoutException(message, screen, stacktrace)\n"}, "steps": [{"name": "Ожидание загрузки и поиск элемента на странице", "status": "passed", "parameters": [{"name": "locator", "value": "('xpath', \".//p[text()='Флюоресцентная булка R2-D3']\")"}], "start": 1727703125766, "stop": 1727703125855}, {"name": "Ожидание загрузки и поиск элемента на странице", "status": "passed", "parameters": [{"name": "locator", "value": "('xpath', \".//ul[@class = 'BurgerConstructor_basket__list__l9dp_']\")"}], "start": 1727703125855, "stop": 1727703125987}, {"name": "Перетащить элемент", "status": "passed", "parameters": [{"name": "element", "value": "<selenium.webdriver.remote.webelement.WebElement (session=\"fa2aa56b703113ac87d6f072d17eb09f\", element=\"f.00288680CE5EF6762D484B296D8D0752.d.40B64B54452D9D619C0537E140B5D086.e.86\")>"}, {"name": "target", "value": "<selenium.webdriver.remote.webelement.WebElement (session=\"fa2aa56b703113ac87d6f072d17eb09f\", element=\"f.00288680CE5EF6762D484B296D8D0752.d.40B64B54452D9D619C0537E140B5D086.e.84\")>"}], "start": 1727703125988, "stop": 1727703126628}, {"name": "Ожидание загрузки и клик по элементу", "status": "broken", "statusDetails": {"message": "selenium.common.exceptions.TimeoutException: Message: \nStacktrace:\n\tGetHandleVerifier [0x00007FF73A92B125+29573]\n\t(No symbol) [0x00007FF73A89FF50]\n\t(No symbol) [0x00007FF73A75B6EA]\n\t(No symbol) [0x00007FF73A7AF815]\n\t(No symbol) [0x00007FF73A7AFA6C]\n\t(No symbol) [0x00007FF73A7FB917]\n\t(No symbol) [0x00007FF73A7D733F]\n\t(No symbol) [0x00007FF73A7F86BC]\n\t(No symbol) [0x00007FF73A7D70A3]\n\t(No symbol) [0x00007FF73A7A12DF]\n\t(No symbol) [0x00007FF73A7A2441]\n\tGetHandleVerifier [0x00007FF73AC5C76D+3377613]\n\tGetHandleVerifier [0x00007FF73ACA7B67+3685831]\n\tGetHandleVerifier [0x00007FF73AC9CF8B+3641835]\n\tGetHandleVerifier [0x00007FF73A9EB2A6+816390]\n\t(No symbol) [0x00007FF73A8AB25F]\n\t(No symbol) [0x00007FF73A8A7084]\n\t(No symbol) [0x00007FF73A8A7220]\n\t(No symbol) [0x00007FF73A89607F]\n\tBaseThreadInitThunk [0x00007FFB71E67374+20]\n\tRtlUserThreadStart [0x00007FFB7249CC91+33]\n\n", "trace": "  File \"C:\\Users\\vsavc\\PycharmProjects\\Diplom\\Diplom_3\\venv\\Lib\\site-packages\\allure_commons\\_allure.py\", line 192, in impl\n    return func(*a, **kw)\n           ^^^^^^^^^^^^^^\n  File \"C:\\Users\\vsavc\\PycharmProjects\\Diplom\\Diplom_3\\pages\\base_page.py\", line 22, in wait_and_click_element\n    WebDriverWait(self.driver, self.timer).until(EC.element_to_be_clickable(locator))\n  File \"C:\\Users\\vsavc\\PycharmProjects\\Diplom\\Diplom_3\\venv\\Lib\\site-packages\\selenium\\webdriver\\support\\wait.py\", line 105, in until\n    raise TimeoutException(message, screen, stacktrace)\n"}, "parameters": [{"name": "locator", "value": "('xpath', \"//button[contains(text(),'Оформить заказ')]\")"}], "start": 1727703126629, "stop": 1727703136862}], "start": 1727703125765, "stop": 1727703136866}], "parameters": [{"name": "counter", "value": "('xpath', \".//p[text()='Выполнено за сегодня:']/following-sibling::p\")"}], "start": 1727703123555, "stop": 1727703136869, "uuid": "edeb4446-c1cc-439f-abd4-66823ffc2c83", "historyId": "3f5d85f61c6630c315af5699e144ef98", "testCaseId": "9840398a71da791658569710fb2df932", "fullName": "tests.test_order_page.TestOrderPage#test_counter_increase", "labels": [{"name": "parentSuite", "value": "tests"}, {"name": "suite", "value": "test_order_page"}, {"name": "subSuite", "value": "TestOrderPage"}, {"name": "host", "value": "victoria-pc"}, {"name": "thread", "value": "20032-MainThread"}, {"name": "framework", "value": "pytest"}, {"name": "language", "value": "cpython3"}, {"name": "package", "value": "tests.test_order_page"}]}