{"name": "При создании нового заказа счётчик Выполнено за всё время/за сегодня увеличивается", "status": "broken", "statusDetails": {"message": "selenium.common.exceptions.ElementClickInterceptedException: Message: element click intercepted: Element <p class=\"AppHeader_header__linkText__3q_va ml-2\">...</p> is not clickable at point (337, 11). Other element would receive the click: <div class=\"Modal_modal_overlay__x2ZCr\"></div>\n  (Session info: chrome=129.0.6668.70)\nStacktrace:\n\tGetHandleVerifier [0x00007FF73A92B125+29573]\n\t(No symbol) [0x00007FF73A89FF50]\n\t(No symbol) [0x00007FF73A75B6EA]\n\t(No symbol) [0x00007FF73A7B74EE]\n\t(No symbol) [0x00007FF73A7B4F3C]\n\t(No symbol) [0x00007FF73A7B2408]\n\t(No symbol) [0x00007FF73A7B161A]\n\t(No symbol) [0x00007FF73A7A36BE]\n\t(No symbol) [0x00007FF73A7D72FA]\n\t(No symbol) [0x00007FF73A7A2FF6]\n\t(No symbol) [0x00007FF73A7D7510]\n\t(No symbol) [0x00007FF73A7F86BC]\n\t(No symbol) [0x00007FF73A7D70A3]\n\t(No symbol) [0x00007FF73A7A12DF]\n\t(No symbol) [0x00007FF73A7A2441]\n\tGetHandleVerifier [0x00007FF73AC5C76D+3377613]\n\tGetHandleVerifier [0x00007FF73ACA7B67+3685831]\n\tGetHandleVerifier [0x00007FF73AC9CF8B+3641835]\n\tGetHandleVerifier [0x00007FF73A9EB2A6+816390]\n\t(No symbol) [0x00007FF73A8AB25F]\n\t(No symbol) [0x00007FF73A8A7084]\n\t(No symbol) [0x00007FF73A8A7220]\n\t(No symbol) [0x00007FF73A89607F]\n\tBaseThreadInitThunk [0x00007FFB71E67374+20]\n\tRtlUserThreadStart [0x00007FFB7249CC91+33]", "trace": "self = <test_order_page.TestOrderPage object at 0x00000201E06A66F0>\ndriver = <selenium.webdriver.chrome.webdriver.WebDriver (session=\"007234b76fc8a72ed4cb3cb399166d0f\")>\ncreate_and_delete_user = {'email': 'robert51@example.org', 'name': 'Sharon Flores', 'password': '0u9!REDj2)'}\nlogin = <selenium.webdriver.chrome.webdriver.WebDriver (session=\"007234b76fc8a72ed4cb3cb399166d0f\")>\ncounter = ('xpath', \".//p[text()='Выполнено за все время:']/following-sibling::p\")\n\n    @pytest.mark.parametrize('counter', [OrderPageLocators.COUNTER_TOTAL, OrderPageLocators.COUNTER_DAILY])\n    @allure.title('При создании нового заказа счётчик Выполнено за всё время/за сегодня увеличивается')\n    def test_counter_increase(self, driver, create_and_delete_user, login, counter):\n        order_page = OrderPage(login)\n>       counter_before = int(order_page.get_counter_orders(counter))\n\ntests\\test_order_page.py:32: \n_ _ _ _ _ _ _ _ _ _ _ _ _ _ _ _ _ _ _ _ _ _ _ _ _ _ _ _ _ _ _ _ _ _ _ _ _ _ _ _ _ _ _ _ _ _ _ _ _ _ _ _ _ _ _ _ _ _ _ _ _ _ _ _ _ _ _ _ _ _ _ _ _ _ _ _ _ _ _ _ _ \npages\\order_page.py:74: in get_counter_orders\n    self.click_to_order_list()\npages\\base_page.py:65: in click_to_order_list\n    self.wait_and_click_element(MainPageLocators.ORDER_LIST_BUTTON)\npages\\base_page.py:23: in wait_and_click_element\n    self.driver.find_element(*locator).click()\nvenv\\Lib\\site-packages\\selenium\\webdriver\\remote\\webelement.py:94: in click\n    self._execute(Command.CLICK_ELEMENT)\nvenv\\Lib\\site-packages\\selenium\\webdriver\\remote\\webelement.py:395: in _execute\n    return self._parent.execute(command, params)\nvenv\\Lib\\site-packages\\selenium\\webdriver\\remote\\webdriver.py:354: in execute\n    self.error_handler.check_response(response)\n_ _ _ _ _ _ _ _ _ _ _ _ _ _ _ _ _ _ _ _ _ _ _ _ _ _ _ _ _ _ _ _ _ _ _ _ _ _ _ _ _ _ _ _ _ _ _ _ _ _ _ _ _ _ _ _ _ _ _ _ _ _ _ _ _ _ _ _ _ _ _ _ _ _ _ _ _ _ _ _ _ \n\nself = <selenium.webdriver.remote.errorhandler.ErrorHandler object at 0x00000201E05D4320>\nresponse = {'status': 400, 'value': '{\"value\":{\"error\":\"element click intercepted\",\"message\":\"element click intercepted: Element ...07FF73A89607F]\\\\n\\\\tBaseThreadInitThunk [0x00007FFB71E67374+20]\\\\n\\\\tRtlUserThreadStart [0x00007FFB7249CC91+33]\\\\n\"}}'}\n\n    def check_response(self, response: Dict[str, Any]) -> None:\n        \"\"\"Checks that a JSON response from the WebDriver does not have an\n        error.\n    \n        :Args:\n         - response - The JSON response from the WebDriver server as a dictionary\n           object.\n    \n        :Raises: If the response contains an error message.\n        \"\"\"\n        status = response.get(\"status\", None)\n        if not status or status == ErrorCode.SUCCESS:\n            return\n        value = None\n        message = response.get(\"message\", \"\")\n        screen: str = response.get(\"screen\", \"\")\n        stacktrace = None\n        if isinstance(status, int):\n            value_json = response.get(\"value\", None)\n            if value_json and isinstance(value_json, str):\n                import json\n    \n                try:\n                    value = json.loads(value_json)\n                    if len(value) == 1:\n                        value = value[\"value\"]\n                    status = value.get(\"error\", None)\n                    if not status:\n                        status = value.get(\"status\", ErrorCode.UNKNOWN_ERROR)\n                        message = value.get(\"value\") or value.get(\"message\")\n                        if not isinstance(message, str):\n                            value = message\n                            message = message.get(\"message\")\n                    else:\n                        message = value.get(\"message\", None)\n                except ValueError:\n                    pass\n    \n        exception_class: Type[WebDriverException]\n        e = ErrorCode()\n        error_codes = [item for item in dir(e) if not item.startswith(\"__\")]\n        for error_code in error_codes:\n            error_info = getattr(ErrorCode, error_code)\n            if isinstance(error_info, list) and status in error_info:\n                exception_class = getattr(ExceptionMapping, error_code, WebDriverException)\n                break\n        else:\n            exception_class = WebDriverException\n    \n        if not value:\n            value = response[\"value\"]\n        if isinstance(value, str):\n            raise exception_class(value)\n        if message == \"\" and \"message\" in value:\n            message = value[\"message\"]\n    \n        screen = None  # type: ignore[assignment]\n        if \"screen\" in value:\n            screen = value[\"screen\"]\n    \n        stacktrace = None\n        st_value = value.get(\"stackTrace\") or value.get(\"stacktrace\")\n        if st_value:\n            if isinstance(st_value, str):\n                stacktrace = st_value.split(\"\\n\")\n            else:\n                stacktrace = []\n                try:\n                    for frame in st_value:\n                        line = frame.get(\"lineNumber\", \"\")\n                        file = frame.get(\"fileName\", \"<anonymous>\")\n                        if line:\n                            file = f\"{file}:{line}\"\n                        meth = frame.get(\"methodName\", \"<anonymous>\")\n                        if \"className\" in frame:\n                            meth = f\"{frame['className']}.{meth}\"\n                        msg = \"    at %s (%s)\"\n                        msg = msg % (meth, file)\n                        stacktrace.append(msg)\n                except TypeError:\n                    pass\n        if exception_class == UnexpectedAlertPresentException:\n            alert_text = None\n            if \"data\" in value:\n                alert_text = value[\"data\"].get(\"text\")\n            elif \"alert\" in value:\n                alert_text = value[\"alert\"].get(\"text\")\n            raise exception_class(message, screen, stacktrace, alert_text)  # type: ignore[call-arg]  # mypy is not smart enough here\n>       raise exception_class(message, screen, stacktrace)\nE       selenium.common.exceptions.ElementClickInterceptedException: Message: element click intercepted: Element <p class=\"AppHeader_header__linkText__3q_va ml-2\">...</p> is not clickable at point (337, 11). Other element would receive the click: <div class=\"Modal_modal_overlay__x2ZCr\"></div>\nE         (Session info: chrome=129.0.6668.70)\nE       Stacktrace:\nE       \tGetHandleVerifier [0x00007FF73A92B125+29573]\nE       \t(No symbol) [0x00007FF73A89FF50]\nE       \t(No symbol) [0x00007FF73A75B6EA]\nE       \t(No symbol) [0x00007FF73A7B74EE]\nE       \t(No symbol) [0x00007FF73A7B4F3C]\nE       \t(No symbol) [0x00007FF73A7B2408]\nE       \t(No symbol) [0x00007FF73A7B161A]\nE       \t(No symbol) [0x00007FF73A7A36BE]\nE       \t(No symbol) [0x00007FF73A7D72FA]\nE       \t(No symbol) [0x00007FF73A7A2FF6]\nE       \t(No symbol) [0x00007FF73A7D7510]\nE       \t(No symbol) [0x00007FF73A7F86BC]\nE       \t(No symbol) [0x00007FF73A7D70A3]\nE       \t(No symbol) [0x00007FF73A7A12DF]\nE       \t(No symbol) [0x00007FF73A7A2441]\nE       \tGetHandleVerifier [0x00007FF73AC5C76D+3377613]\nE       \tGetHandleVerifier [0x00007FF73ACA7B67+3685831]\nE       \tGetHandleVerifier [0x00007FF73AC9CF8B+3641835]\nE       \tGetHandleVerifier [0x00007FF73A9EB2A6+816390]\nE       \t(No symbol) [0x00007FF73A8AB25F]\nE       \t(No symbol) [0x00007FF73A8A7084]\nE       \t(No symbol) [0x00007FF73A8A7220]\nE       \t(No symbol) [0x00007FF73A89607F]\nE       \tBaseThreadInitThunk [0x00007FFB71E67374+20]\nE       \tRtlUserThreadStart [0x00007FFB7249CC91+33]\n\nvenv\\Lib\\site-packages\\selenium\\webdriver\\remote\\errorhandler.py:229: ElementClickInterceptedException"}, "steps": [{"name": "Получить счётчик заказов", "status": "broken", "statusDetails": {"message": "selenium.common.exceptions.ElementClickInterceptedException: Message: element click intercepted: Element <p class=\"AppHeader_header__linkText__3q_va ml-2\">...</p> is not clickable at point (337, 11). Other element would receive the click: <div class=\"Modal_modal_overlay__x2ZCr\"></div>\n  (Session info: chrome=129.0.6668.70)\nStacktrace:\n\tGetHandleVerifier [0x00007FF73A92B125+29573]\n\t(No symbol) [0x00007FF73A89FF50]\n\t(No symbol) [0x00007FF73A75B6EA]\n\t(No symbol) [0x00007FF73A7B74EE]\n\t(No symbol) [0x00007FF73A7B4F3C]\n\t(No symbol) [0x00007FF73A7B2408]\n\t(No symbol) [0x00007FF73A7B161A]\n\t(No symbol) [0x00007FF73A7A36BE]\n\t(No symbol) [0x00007FF73A7D72FA]\n\t(No symbol) [0x00007FF73A7A2FF6]\n\t(No symbol) [0x00007FF73A7D7510]\n\t(No symbol) [0x00007FF73A7F86BC]\n\t(No symbol) [0x00007FF73A7D70A3]\n\t(No symbol) [0x00007FF73A7A12DF]\n\t(No symbol) [0x00007FF73A7A2441]\n\tGetHandleVerifier [0x00007FF73AC5C76D+3377613]\n\tGetHandleVerifier [0x00007FF73ACA7B67+3685831]\n\tGetHandleVerifier [0x00007FF73AC9CF8B+3641835]\n\tGetHandleVerifier [0x00007FF73A9EB2A6+816390]\n\t(No symbol) [0x00007FF73A8AB25F]\n\t(No symbol) [0x00007FF73A8A7084]\n\t(No symbol) [0x00007FF73A8A7220]\n\t(No symbol) [0x00007FF73A89607F]\n\tBaseThreadInitThunk [0x00007FFB71E67374+20]\n\tRtlUserThreadStart [0x00007FFB7249CC91+33]\n\n", "trace": "  File \"C:\\Users\\vsavc\\PycharmProjects\\Diplom\\Diplom_3\\venv\\Lib\\site-packages\\allure_commons\\_allure.py\", line 192, in impl\n    return func(*a, **kw)\n           ^^^^^^^^^^^^^^\n  File \"C:\\Users\\vsavc\\PycharmProjects\\Diplom\\Diplom_3\\pages\\order_page.py\", line 74, in get_counter_orders\n    self.click_to_order_list()\n  File \"C:\\Users\\vsavc\\PycharmProjects\\Diplom\\Diplom_3\\venv\\Lib\\site-packages\\allure_commons\\_allure.py\", line 192, in impl\n    return func(*a, **kw)\n           ^^^^^^^^^^^^^^\n  File \"C:\\Users\\vsavc\\PycharmProjects\\Diplom\\Diplom_3\\pages\\base_page.py\", line 65, in click_to_order_list\n    self.wait_and_click_element(MainPageLocators.ORDER_LIST_BUTTON)\n  File \"C:\\Users\\vsavc\\PycharmProjects\\Diplom\\Diplom_3\\venv\\Lib\\site-packages\\allure_commons\\_allure.py\", line 192, in impl\n    return func(*a, **kw)\n           ^^^^^^^^^^^^^^\n  File \"C:\\Users\\vsavc\\PycharmProjects\\Diplom\\Diplom_3\\pages\\base_page.py\", line 23, in wait_and_click_element\n    self.driver.find_element(*locator).click()\n  File \"C:\\Users\\vsavc\\PycharmProjects\\Diplom\\Diplom_3\\venv\\Lib\\site-packages\\selenium\\webdriver\\remote\\webelement.py\", line 94, in click\n    self._execute(Command.CLICK_ELEMENT)\n  File \"C:\\Users\\vsavc\\PycharmProjects\\Diplom\\Diplom_3\\venv\\Lib\\site-packages\\selenium\\webdriver\\remote\\webelement.py\", line 395, in _execute\n    return self._parent.execute(command, params)\n           ^^^^^^^^^^^^^^^^^^^^^^^^^^^^^^^^^^^^^\n  File \"C:\\Users\\vsavc\\PycharmProjects\\Diplom\\Diplom_3\\venv\\Lib\\site-packages\\selenium\\webdriver\\remote\\webdriver.py\", line 354, in execute\n    self.error_handler.check_response(response)\n  File \"C:\\Users\\vsavc\\PycharmProjects\\Diplom\\Diplom_3\\venv\\Lib\\site-packages\\selenium\\webdriver\\remote\\errorhandler.py\", line 229, in check_response\n    raise exception_class(message, screen, stacktrace)\n"}, "steps": [{"name": "Переход на вкладку \"Лента заказов\"", "status": "broken", "statusDetails": {"message": "selenium.common.exceptions.ElementClickInterceptedException: Message: element click intercepted: Element <p class=\"AppHeader_header__linkText__3q_va ml-2\">...</p> is not clickable at point (337, 11). Other element would receive the click: <div class=\"Modal_modal_overlay__x2ZCr\"></div>\n  (Session info: chrome=129.0.6668.70)\nStacktrace:\n\tGetHandleVerifier [0x00007FF73A92B125+29573]\n\t(No symbol) [0x00007FF73A89FF50]\n\t(No symbol) [0x00007FF73A75B6EA]\n\t(No symbol) [0x00007FF73A7B74EE]\n\t(No symbol) [0x00007FF73A7B4F3C]\n\t(No symbol) [0x00007FF73A7B2408]\n\t(No symbol) [0x00007FF73A7B161A]\n\t(No symbol) [0x00007FF73A7A36BE]\n\t(No symbol) [0x00007FF73A7D72FA]\n\t(No symbol) [0x00007FF73A7A2FF6]\n\t(No symbol) [0x00007FF73A7D7510]\n\t(No symbol) [0x00007FF73A7F86BC]\n\t(No symbol) [0x00007FF73A7D70A3]\n\t(No symbol) [0x00007FF73A7A12DF]\n\t(No symbol) [0x00007FF73A7A2441]\n\tGetHandleVerifier [0x00007FF73AC5C76D+3377613]\n\tGetHandleVerifier [0x00007FF73ACA7B67+3685831]\n\tGetHandleVerifier [0x00007FF73AC9CF8B+3641835]\n\tGetHandleVerifier [0x00007FF73A9EB2A6+816390]\n\t(No symbol) [0x00007FF73A8AB25F]\n\t(No symbol) [0x00007FF73A8A7084]\n\t(No symbol) [0x00007FF73A8A7220]\n\t(No symbol) [0x00007FF73A89607F]\n\tBaseThreadInitThunk [0x00007FFB71E67374+20]\n\tRtlUserThreadStart [0x00007FFB7249CC91+33]\n\n", "trace": "  File \"C:\\Users\\vsavc\\PycharmProjects\\Diplom\\Diplom_3\\venv\\Lib\\site-packages\\allure_commons\\_allure.py\", line 192, in impl\n    return func(*a, **kw)\n           ^^^^^^^^^^^^^^\n  File \"C:\\Users\\vsavc\\PycharmProjects\\Diplom\\Diplom_3\\pages\\base_page.py\", line 65, in click_to_order_list\n    self.wait_and_click_element(MainPageLocators.ORDER_LIST_BUTTON)\n  File \"C:\\Users\\vsavc\\PycharmProjects\\Diplom\\Diplom_3\\venv\\Lib\\site-packages\\allure_commons\\_allure.py\", line 192, in impl\n    return func(*a, **kw)\n           ^^^^^^^^^^^^^^\n  File \"C:\\Users\\vsavc\\PycharmProjects\\Diplom\\Diplom_3\\pages\\base_page.py\", line 23, in wait_and_click_element\n    self.driver.find_element(*locator).click()\n  File \"C:\\Users\\vsavc\\PycharmProjects\\Diplom\\Diplom_3\\venv\\Lib\\site-packages\\selenium\\webdriver\\remote\\webelement.py\", line 94, in click\n    self._execute(Command.CLICK_ELEMENT)\n  File \"C:\\Users\\vsavc\\PycharmProjects\\Diplom\\Diplom_3\\venv\\Lib\\site-packages\\selenium\\webdriver\\remote\\webelement.py\", line 395, in _execute\n    return self._parent.execute(command, params)\n           ^^^^^^^^^^^^^^^^^^^^^^^^^^^^^^^^^^^^^\n  File \"C:\\Users\\vsavc\\PycharmProjects\\Diplom\\Diplom_3\\venv\\Lib\\site-packages\\selenium\\webdriver\\remote\\webdriver.py\", line 354, in execute\n    self.error_handler.check_response(response)\n  File \"C:\\Users\\vsavc\\PycharmProjects\\Diplom\\Diplom_3\\venv\\Lib\\site-packages\\selenium\\webdriver\\remote\\errorhandler.py\", line 229, in check_response\n    raise exception_class(message, screen, stacktrace)\n"}, "steps": [{"name": "Ожидание загрузки и поиск элемента на странице", "status": "passed", "parameters": [{"name": "locator", "value": "('xpath', \".//p[contains(text(), 'Лента Заказов')]\")"}], "start": 1727703110515, "stop": 1727703110589}, {"name": "Ожидание загрузки и клик по элементу", "status": "broken", "statusDetails": {"message": "selenium.common.exceptions.ElementClickInterceptedException: Message: element click intercepted: Element <p class=\"AppHeader_header__linkText__3q_va ml-2\">...</p> is not clickable at point (337, 11). Other element would receive the click: <div class=\"Modal_modal_overlay__x2ZCr\"></div>\n  (Session info: chrome=129.0.6668.70)\nStacktrace:\n\tGetHandleVerifier [0x00007FF73A92B125+29573]\n\t(No symbol) [0x00007FF73A89FF50]\n\t(No symbol) [0x00007FF73A75B6EA]\n\t(No symbol) [0x00007FF73A7B74EE]\n\t(No symbol) [0x00007FF73A7B4F3C]\n\t(No symbol) [0x00007FF73A7B2408]\n\t(No symbol) [0x00007FF73A7B161A]\n\t(No symbol) [0x00007FF73A7A36BE]\n\t(No symbol) [0x00007FF73A7D72FA]\n\t(No symbol) [0x00007FF73A7A2FF6]\n\t(No symbol) [0x00007FF73A7D7510]\n\t(No symbol) [0x00007FF73A7F86BC]\n\t(No symbol) [0x00007FF73A7D70A3]\n\t(No symbol) [0x00007FF73A7A12DF]\n\t(No symbol) [0x00007FF73A7A2441]\n\tGetHandleVerifier [0x00007FF73AC5C76D+3377613]\n\tGetHandleVerifier [0x00007FF73ACA7B67+3685831]\n\tGetHandleVerifier [0x00007FF73AC9CF8B+3641835]\n\tGetHandleVerifier [0x00007FF73A9EB2A6+816390]\n\t(No symbol) [0x00007FF73A8AB25F]\n\t(No symbol) [0x00007FF73A8A7084]\n\t(No symbol) [0x00007FF73A8A7220]\n\t(No symbol) [0x00007FF73A89607F]\n\tBaseThreadInitThunk [0x00007FFB71E67374+20]\n\tRtlUserThreadStart [0x00007FFB7249CC91+33]\n\n", "trace": "  File \"C:\\Users\\vsavc\\PycharmProjects\\Diplom\\Diplom_3\\venv\\Lib\\site-packages\\allure_commons\\_allure.py\", line 192, in impl\n    return func(*a, **kw)\n           ^^^^^^^^^^^^^^\n  File \"C:\\Users\\vsavc\\PycharmProjects\\Diplom\\Diplom_3\\pages\\base_page.py\", line 23, in wait_and_click_element\n    self.driver.find_element(*locator).click()\n  File \"C:\\Users\\vsavc\\PycharmProjects\\Diplom\\Diplom_3\\venv\\Lib\\site-packages\\selenium\\webdriver\\remote\\webelement.py\", line 94, in click\n    self._execute(Command.CLICK_ELEMENT)\n  File \"C:\\Users\\vsavc\\PycharmProjects\\Diplom\\Diplom_3\\venv\\Lib\\site-packages\\selenium\\webdriver\\remote\\webelement.py\", line 395, in _execute\n    return self._parent.execute(command, params)\n           ^^^^^^^^^^^^^^^^^^^^^^^^^^^^^^^^^^^^^\n  File \"C:\\Users\\vsavc\\PycharmProjects\\Diplom\\Diplom_3\\venv\\Lib\\site-packages\\selenium\\webdriver\\remote\\webdriver.py\", line 354, in execute\n    self.error_handler.check_response(response)\n  File \"C:\\Users\\vsavc\\PycharmProjects\\Diplom\\Diplom_3\\venv\\Lib\\site-packages\\selenium\\webdriver\\remote\\errorhandler.py\", line 229, in check_response\n    raise exception_class(message, screen, stacktrace)\n"}, "parameters": [{"name": "locator", "value": "('xpath', \".//p[contains(text(), 'Лента Заказов')]\")"}], "start": 1727703110607, "stop": 1727703111753}], "start": 1727703110514, "stop": 1727703111813}], "parameters": [{"name": "locator", "value": "('xpath', \".//p[text()='Выполнено за все время:']/following-sibling::p\")"}], "start": 1727703110514, "stop": 1727703111817}], "parameters": [{"name": "counter", "value": "('xpath', \".//p[text()='Выполнено за все время:']/following-sibling::p\")"}], "start": 1727703110514, "stop": 1727703111822, "uuid": "892bddac-443f-455e-88e7-032904116ae4", "historyId": "741d8ae46c22ba42c354c71446bc99f5", "testCaseId": "9840398a71da791658569710fb2df932", "fullName": "tests.test_order_page.TestOrderPage#test_counter_increase", "labels": [{"name": "parentSuite", "value": "tests"}, {"name": "suite", "value": "test_order_page"}, {"name": "subSuite", "value": "TestOrderPage"}, {"name": "host", "value": "victoria-pc"}, {"name": "thread", "value": "20032-MainThread"}, {"name": "framework", "value": "pytest"}, {"name": "language", "value": "cpython3"}, {"name": "package", "value": "tests.test_order_page"}]}