{"name": "Залогиненный пользователь может оформить заказ", "status": "broken", "statusDetails": {"message": "selenium.common.exceptions.TimeoutException: Message: \nStacktrace:\n\tGetHandleVerifier [0x00007FF673C7B125+29573]\n\t(No symbol) [0x00007FF673BEFF50]\n\t(No symbol) [0x00007FF673AAB6EA]\n\t(No symbol) [0x00007FF673AFF815]\n\t(No symbol) [0x00007FF673AFFA6C]\n\t(No symbol) [0x00007FF673B4B917]\n\t(No symbol) [0x00007FF673B2733F]\n\t(No symbol) [0x00007FF673B486BC]\n\t(No symbol) [0x00007FF673B270A3]\n\t(No symbol) [0x00007FF673AF12DF]\n\t(No symbol) [0x00007FF673AF2441]\n\tGetHandleVerifier [0x00007FF673FAC76D+3377613]\n\tGetHandleVerifier [0x00007FF673FF7B67+3685831]\n\tGetHandleVerifier [0x00007FF673FECF8B+3641835]\n\tGetHandleVerifier [0x00007FF673D3B2A6+816390]\n\t(No symbol) [0x00007FF673BFB25F]\n\t(No symbol) [0x00007FF673BF7084]\n\t(No symbol) [0x00007FF673BF7220]\n\t(No symbol) [0x00007FF673BE607F]\n\tBaseThreadInitThunk [0x00007FFB71E67374+20]\n\tRtlUserThreadStart [0x00007FFB7249CC91+33]", "trace": "self = <test_main_page.TestMainPage object at 0x00000148D0ED6C90>\ndriver = <selenium.webdriver.chrome.webdriver.WebDriver (session=\"f2fd81431daded48ae83f2bdf807e11e\")>\nlogin = <selenium.webdriver.chrome.webdriver.WebDriver (session=\"f2fd81431daded48ae83f2bdf807e11e\")>\n\n    @allure.title('Залогиненный пользователь может оформить заказ')\n    def test_create_order(self, driver, login):\n        main_page = MainPage(login)\n>       main_page.add_buns()\n\ntests\\test_main_page.py:53: \n_ _ _ _ _ _ _ _ _ _ _ _ _ _ _ _ _ _ _ _ _ _ _ _ _ _ _ _ _ _ _ _ _ _ _ _ _ _ _ _ _ _ _ _ _ _ _ _ _ _ _ _ _ _ _ _ _ _ _ _ _ _ _ _ _ _ _ _ _ _ _ _ _ _ _ _ _ _ _ _ _ \npages\\main_page.py:29: in add_buns\n    element = self.wait_and_find_element(MainPageLocators.BUN_INGREDIENT)\npages\\base_page.py:17: in wait_and_find_element\n    WebDriverWait(self.driver, self.timer).until(EC.visibility_of_element_located(locator))\n_ _ _ _ _ _ _ _ _ _ _ _ _ _ _ _ _ _ _ _ _ _ _ _ _ _ _ _ _ _ _ _ _ _ _ _ _ _ _ _ _ _ _ _ _ _ _ _ _ _ _ _ _ _ _ _ _ _ _ _ _ _ _ _ _ _ _ _ _ _ _ _ _ _ _ _ _ _ _ _ _ \n\nself = <selenium.webdriver.support.wait.WebDriverWait (session=\"f2fd81431daded48ae83f2bdf807e11e\")>\nmethod = <function visibility_of_element_located.<locals>._predicate at 0x00000148D0F43E20>, message = ''\n\n    def until(self, method: Callable[[D], Union[Literal[False], T]], message: str = \"\") -> T:\n        \"\"\"Calls the method provided with the driver as an argument until the \\\n        return value does not evaluate to ``False``.\n    \n        :param method: callable(WebDriver)\n        :param message: optional message for :exc:`TimeoutException`\n        :returns: the result of the last call to `method`\n        :raises: :exc:`selenium.common.exceptions.TimeoutException` if timeout occurs\n        \"\"\"\n        screen = None\n        stacktrace = None\n    \n        end_time = time.monotonic() + self._timeout\n        while True:\n            try:\n                value = method(self._driver)\n                if value:\n                    return value\n            except self._ignored_exceptions as exc:\n                screen = getattr(exc, \"screen\", None)\n                stacktrace = getattr(exc, \"stacktrace\", None)\n            time.sleep(self._poll)\n            if time.monotonic() > end_time:\n                break\n>       raise TimeoutException(message, screen, stacktrace)\nE       selenium.common.exceptions.TimeoutException: Message: \nE       Stacktrace:\nE       \tGetHandleVerifier [0x00007FF673C7B125+29573]\nE       \t(No symbol) [0x00007FF673BEFF50]\nE       \t(No symbol) [0x00007FF673AAB6EA]\nE       \t(No symbol) [0x00007FF673AFF815]\nE       \t(No symbol) [0x00007FF673AFFA6C]\nE       \t(No symbol) [0x00007FF673B4B917]\nE       \t(No symbol) [0x00007FF673B2733F]\nE       \t(No symbol) [0x00007FF673B486BC]\nE       \t(No symbol) [0x00007FF673B270A3]\nE       \t(No symbol) [0x00007FF673AF12DF]\nE       \t(No symbol) [0x00007FF673AF2441]\nE       \tGetHandleVerifier [0x00007FF673FAC76D+3377613]\nE       \tGetHandleVerifier [0x00007FF673FF7B67+3685831]\nE       \tGetHandleVerifier [0x00007FF673FECF8B+3641835]\nE       \tGetHandleVerifier [0x00007FF673D3B2A6+816390]\nE       \t(No symbol) [0x00007FF673BFB25F]\nE       \t(No symbol) [0x00007FF673BF7084]\nE       \t(No symbol) [0x00007FF673BF7220]\nE       \t(No symbol) [0x00007FF673BE607F]\nE       \tBaseThreadInitThunk [0x00007FFB71E67374+20]\nE       \tRtlUserThreadStart [0x00007FFB7249CC91+33]\n\nvenv\\Lib\\site-packages\\selenium\\webdriver\\support\\wait.py:105: TimeoutException"}, "steps": [{"name": "Добавить булочки", "status": "broken", "statusDetails": {"message": "selenium.common.exceptions.TimeoutException: Message: \nStacktrace:\n\tGetHandleVerifier [0x00007FF673C7B125+29573]\n\t(No symbol) [0x00007FF673BEFF50]\n\t(No symbol) [0x00007FF673AAB6EA]\n\t(No symbol) [0x00007FF673AFF815]\n\t(No symbol) [0x00007FF673AFFA6C]\n\t(No symbol) [0x00007FF673B4B917]\n\t(No symbol) [0x00007FF673B2733F]\n\t(No symbol) [0x00007FF673B486BC]\n\t(No symbol) [0x00007FF673B270A3]\n\t(No symbol) [0x00007FF673AF12DF]\n\t(No symbol) [0x00007FF673AF2441]\n\tGetHandleVerifier [0x00007FF673FAC76D+3377613]\n\tGetHandleVerifier [0x00007FF673FF7B67+3685831]\n\tGetHandleVerifier [0x00007FF673FECF8B+3641835]\n\tGetHandleVerifier [0x00007FF673D3B2A6+816390]\n\t(No symbol) [0x00007FF673BFB25F]\n\t(No symbol) [0x00007FF673BF7084]\n\t(No symbol) [0x00007FF673BF7220]\n\t(No symbol) [0x00007FF673BE607F]\n\tBaseThreadInitThunk [0x00007FFB71E67374+20]\n\tRtlUserThreadStart [0x00007FFB7249CC91+33]\n\n", "trace": "  File \"C:\\Users\\vsavc\\PycharmProjects\\Diplom\\Diplom_3\\venv\\Lib\\site-packages\\allure_commons\\_allure.py\", line 192, in impl\n    return func(*a, **kw)\n           ^^^^^^^^^^^^^^\n  File \"C:\\Users\\vsavc\\PycharmProjects\\Diplom\\Diplom_3\\pages\\main_page.py\", line 29, in add_buns\n    element = self.wait_and_find_element(MainPageLocators.BUN_INGREDIENT)\n              ^^^^^^^^^^^^^^^^^^^^^^^^^^^^^^^^^^^^^^^^^^^^^^^^^^^^^^^^^^^\n  File \"C:\\Users\\vsavc\\PycharmProjects\\Diplom\\Diplom_3\\venv\\Lib\\site-packages\\allure_commons\\_allure.py\", line 192, in impl\n    return func(*a, **kw)\n           ^^^^^^^^^^^^^^\n  File \"C:\\Users\\vsavc\\PycharmProjects\\Diplom\\Diplom_3\\pages\\base_page.py\", line 17, in wait_and_find_element\n    WebDriverWait(self.driver, self.timer).until(EC.visibility_of_element_located(locator))\n  File \"C:\\Users\\vsavc\\PycharmProjects\\Diplom\\Diplom_3\\venv\\Lib\\site-packages\\selenium\\webdriver\\support\\wait.py\", line 105, in until\n    raise TimeoutException(message, screen, stacktrace)\n"}, "steps": [{"name": "Ожидание загрузки и поиск элемента на странице", "status": "broken", "statusDetails": {"message": "selenium.common.exceptions.TimeoutException: Message: \nStacktrace:\n\tGetHandleVerifier [0x00007FF673C7B125+29573]\n\t(No symbol) [0x00007FF673BEFF50]\n\t(No symbol) [0x00007FF673AAB6EA]\n\t(No symbol) [0x00007FF673AFF815]\n\t(No symbol) [0x00007FF673AFFA6C]\n\t(No symbol) [0x00007FF673B4B917]\n\t(No symbol) [0x00007FF673B2733F]\n\t(No symbol) [0x00007FF673B486BC]\n\t(No symbol) [0x00007FF673B270A3]\n\t(No symbol) [0x00007FF673AF12DF]\n\t(No symbol) [0x00007FF673AF2441]\n\tGetHandleVerifier [0x00007FF673FAC76D+3377613]\n\tGetHandleVerifier [0x00007FF673FF7B67+3685831]\n\tGetHandleVerifier [0x00007FF673FECF8B+3641835]\n\tGetHandleVerifier [0x00007FF673D3B2A6+816390]\n\t(No symbol) [0x00007FF673BFB25F]\n\t(No symbol) [0x00007FF673BF7084]\n\t(No symbol) [0x00007FF673BF7220]\n\t(No symbol) [0x00007FF673BE607F]\n\tBaseThreadInitThunk [0x00007FFB71E67374+20]\n\tRtlUserThreadStart [0x00007FFB7249CC91+33]\n\n", "trace": "  File \"C:\\Users\\vsavc\\PycharmProjects\\Diplom\\Diplom_3\\venv\\Lib\\site-packages\\allure_commons\\_allure.py\", line 192, in impl\n    return func(*a, **kw)\n           ^^^^^^^^^^^^^^\n  File \"C:\\Users\\vsavc\\PycharmProjects\\Diplom\\Diplom_3\\pages\\base_page.py\", line 17, in wait_and_find_element\n    WebDriverWait(self.driver, self.timer).until(EC.visibility_of_element_located(locator))\n  File \"C:\\Users\\vsavc\\PycharmProjects\\Diplom\\Diplom_3\\venv\\Lib\\site-packages\\selenium\\webdriver\\support\\wait.py\", line 105, in until\n    raise TimeoutException(message, screen, stacktrace)\n"}, "parameters": [{"name": "locator", "value": "('xpath', \".//p[text()='Флюоресцентная булка R2-D3']\")"}], "start": 1727702154512, "stop": 1727702164887}], "start": 1727702154512, "stop": 1727702164957}], "start": 1727702154511, "stop": 1727702164962, "uuid": "06816bf8-262c-4b21-b83c-bea614766878", "historyId": "dce600d581ac2b967ea55fd4b8369dfe", "testCaseId": "dce600d581ac2b967ea55fd4b8369dfe", "fullName": "tests.test_main_page.TestMainPage#test_create_order", "labels": [{"name": "parentSuite", "value": "tests"}, {"name": "suite", "value": "test_main_page"}, {"name": "subSuite", "value": "TestMainPage"}, {"name": "host", "value": "victoria-pc"}, {"name": "thread", "value": "16780-MainThread"}, {"name": "framework", "value": "pytest"}, {"name": "language", "value": "cpython3"}, {"name": "package", "value": "tests.test_main_page"}]}