{"name": "После оформления заказа его номер появляется в разделе В работе", "status": "broken", "statusDetails": {"message": "selenium.common.exceptions.TimeoutException: Message:", "trace": "self = <test_order_page.TestOrderPage object at 0x00000201E06A63C0>\ndriver = <selenium.webdriver.chrome.webdriver.WebDriver (session=\"401e3a4752f04eb4f3dd70f826e1685f\")>\ncreate_and_delete_user = {'email': 'banksmarvin@example.com', 'name': 'Kimberly Horton', 'password': '^4GnbRrpPg'}\nlogin = <selenium.webdriver.chrome.webdriver.WebDriver (session=\"401e3a4752f04eb4f3dd70f826e1685f\")>\n\n    @allure.title('После оформления заказа его номер появляется в разделе В работе')\n    def test_user_order_in_work(self, driver, create_and_delete_user, login):\n        order_page = OrderPage(login)\n>       order_page.create_order()\n\ntests\\test_order_page.py:43: \n_ _ _ _ _ _ _ _ _ _ _ _ _ _ _ _ _ _ _ _ _ _ _ _ _ _ _ _ _ _ _ _ _ _ _ _ _ _ _ _ _ _ _ _ _ _ _ _ _ _ _ _ _ _ _ _ _ _ _ _ _ _ _ _ _ _ _ _ _ _ _ _ _ _ _ _ _ _ _ _ _ \npages\\order_page.py:46: in create_order\n    self.get_order_number_in_window()\npages\\order_page.py:27: in get_order_number_in_window\n    WebDriverWait(self.driver, self.timer).until_not(EC.text_to_be_present_in_element(\n_ _ _ _ _ _ _ _ _ _ _ _ _ _ _ _ _ _ _ _ _ _ _ _ _ _ _ _ _ _ _ _ _ _ _ _ _ _ _ _ _ _ _ _ _ _ _ _ _ _ _ _ _ _ _ _ _ _ _ _ _ _ _ _ _ _ _ _ _ _ _ _ _ _ _ _ _ _ _ _ _ \n\nself = <selenium.webdriver.support.wait.WebDriverWait (session=\"401e3a4752f04eb4f3dd70f826e1685f\")>\nmethod = <function text_to_be_present_in_element.<locals>._predicate at 0x00000201E069ACA0>, message = ''\n\n    def until_not(self, method: Callable[[D], T], message: str = \"\") -> Union[T, Literal[True]]:\n        \"\"\"Calls the method provided with the driver as an argument until the \\\n        return value evaluates to ``False``.\n    \n        :param method: callable(WebDriver)\n        :param message: optional message for :exc:`TimeoutException`\n        :returns: the result of the last call to `method`, or\n                  ``True`` if `method` has raised one of the ignored exceptions\n        :raises: :exc:`selenium.common.exceptions.TimeoutException` if timeout occurs\n        \"\"\"\n        end_time = time.monotonic() + self._timeout\n        while True:\n            try:\n                value = method(self._driver)\n                if not value:\n                    return value\n            except self._ignored_exceptions:\n                return True\n            time.sleep(self._poll)\n            if time.monotonic() > end_time:\n                break\n>       raise TimeoutException(message)\nE       selenium.common.exceptions.TimeoutException: Message:\n\nvenv\\Lib\\site-packages\\selenium\\webdriver\\support\\wait.py:128: TimeoutException"}, "steps": [{"name": "Создать заказ", "status": "broken", "statusDetails": {"message": "selenium.common.exceptions.TimeoutException: Message: \n\n", "trace": "  File \"C:\\Users\\vsavc\\PycharmProjects\\Diplom\\Diplom_3\\venv\\Lib\\site-packages\\allure_commons\\_allure.py\", line 192, in impl\n    return func(*a, **kw)\n           ^^^^^^^^^^^^^^\n  File \"C:\\Users\\vsavc\\PycharmProjects\\Diplom\\Diplom_3\\pages\\order_page.py\", line 46, in create_order\n    self.get_order_number_in_window()\n  File \"C:\\Users\\vsavc\\PycharmProjects\\Diplom\\Diplom_3\\venv\\Lib\\site-packages\\allure_commons\\_allure.py\", line 192, in impl\n    return func(*a, **kw)\n           ^^^^^^^^^^^^^^\n  File \"C:\\Users\\vsavc\\PycharmProjects\\Diplom\\Diplom_3\\pages\\order_page.py\", line 27, in get_order_number_in_window\n    WebDriverWait(self.driver, self.timer).until_not(EC.text_to_be_present_in_element(\n  File \"C:\\Users\\vsavc\\PycharmProjects\\Diplom\\Diplom_3\\venv\\Lib\\site-packages\\selenium\\webdriver\\support\\wait.py\", line 128, in until_not\n    raise TimeoutException(message)\n"}, "steps": [{"name": "Ожидание загрузки и поиск элемента на странице", "status": "passed", "parameters": [{"name": "locator", "value": "('xpath', \".//p[text()='Флюоресцентная булка R2-D3']\")"}], "start": 1727703152671, "stop": 1727703157584}, {"name": "Ожидание загрузки и поиск элемента на странице", "status": "passed", "parameters": [{"name": "locator", "value": "('xpath', \".//ul[@class = 'BurgerConstructor_basket__list__l9dp_']\")"}], "start": 1727703157584, "stop": 1727703157631}, {"name": "Перетащить элемент", "status": "passed", "parameters": [{"name": "element", "value": "<selenium.webdriver.remote.webelement.WebElement (session=\"401e3a4752f04eb4f3dd70f826e1685f\", element=\"f.21DD3E697AAAF923853BDB2EC65A6D45.d.FC16FB7EC1FF12FB777CB933C49C6C14.e.57\")>"}, {"name": "target", "value": "<selenium.webdriver.remote.webelement.WebElement (session=\"401e3a4752f04eb4f3dd70f826e1685f\", element=\"f.21DD3E697AAAF923853BDB2EC65A6D45.d.FC16FB7EC1FF12FB777CB933C49C6C14.e.62\")>"}], "start": 1727703157631, "stop": 1727703158782}, {"name": "Ожидание загрузки и клик по элементу", "status": "passed", "parameters": [{"name": "locator", "value": "('xpath', \"//button[contains(text(),'Оформить заказ')]\")"}], "start": 1727703158782, "stop": 1727703159008}, {"name": "Подождать загрузки модального окна", "status": "passed", "steps": [{"name": "Ожидание загрузки и поиск элемента на странице", "status": "passed", "parameters": [{"name": "locator", "value": "('xpath', \".//div[@class='Modal_modal__container__Wo2l_']\")"}], "start": 1727703159009, "stop": 1727703159115}], "start": 1727703159009, "stop": 1727703159115}, {"name": "Найти кнопку закрытия", "status": "passed", "steps": [{"name": "Ожидание загрузки и поиск элемента на странице", "status": "passed", "parameters": [{"name": "locator", "value": "('xpath', \".//button[contains(@class, 'close')]\")"}], "start": 1727703159116, "stop": 1727703159410}], "start": 1727703159115, "stop": 1727703159410}, {"name": "Дождаться обновления номера заказа в окне с деталями", "status": "broken", "statusDetails": {"message": "selenium.common.exceptions.TimeoutException: Message: \n\n", "trace": "  File \"C:\\Users\\vsavc\\PycharmProjects\\Diplom\\Diplom_3\\venv\\Lib\\site-packages\\allure_commons\\_allure.py\", line 192, in impl\n    return func(*a, **kw)\n           ^^^^^^^^^^^^^^\n  File \"C:\\Users\\vsavc\\PycharmProjects\\Diplom\\Diplom_3\\pages\\order_page.py\", line 27, in get_order_number_in_window\n    WebDriverWait(self.driver, self.timer).until_not(EC.text_to_be_present_in_element(\n  File \"C:\\Users\\vsavc\\PycharmProjects\\Diplom\\Diplom_3\\venv\\Lib\\site-packages\\selenium\\webdriver\\support\\wait.py\", line 128, in until_not\n    raise TimeoutException(message)\n"}, "start": 1727703159410, "stop": 1727703169899}], "start": 1727703152671, "stop": 1727703169905}], "start": 1727703152670, "stop": 1727703169908, "uuid": "84d9677f-0118-4d46-b417-47fa59406fbb", "historyId": "c29f20f28ad02dd4fb5ca0fa474e8158", "testCaseId": "c29f20f28ad02dd4fb5ca0fa474e8158", "fullName": "tests.test_order_page.TestOrderPage#test_user_order_in_work", "labels": [{"name": "parentSuite", "value": "tests"}, {"name": "suite", "value": "test_order_page"}, {"name": "subSuite", "value": "TestOrderPage"}, {"name": "host", "value": "victoria-pc"}, {"name": "thread", "value": "20032-MainThread"}, {"name": "framework", "value": "pytest"}, {"name": "language", "value": "cpython3"}, {"name": "package", "value": "tests.test_order_page"}]}